2023-03-03 17:34:36.461 [info] Log level: Info
2023-03-03 17:34:36.462 [info] Validating found git in: "git"
2023-03-03 17:34:36.462 [info] Using git "2.39.2" from "git"
2023-03-03 17:34:36.558 [info] > git rev-parse --show-toplevel [110ms]
2023-03-03 17:34:36.603 [info] > git rev-parse --git-dir --git-common-dir [10ms]
2023-03-03 17:34:36.634 [info] Open repository: /home/muenimbuvi
2023-03-03 17:34:36.759 [info] > git rev-parse --show-toplevel [92ms]
2023-03-03 17:34:36.844 [info] > git config --get commit.template [114ms]
2023-03-03 17:34:36.899 [info] > git rev-parse --show-toplevel [66ms]
2023-03-03 17:34:36.946 [info] > git for-each-ref --format=%(refname)%00%(upstream:short)%00%(objectname)%00%(upstream:track)%00%(upstream:remotename)%00%(upstream:remoteref) refs/heads/main refs/remotes/main [54ms]
2023-03-03 17:34:37.029 [info] > git rev-parse --show-toplevel [92ms]
2023-03-03 17:34:37.149 [info] > git rev-parse --show-toplevel [33ms]
2023-03-03 17:34:37.321 [info] > git rev-parse --git-dir --git-common-dir [84ms]
2023-03-03 17:34:37.335 [info] Open repository: /home/muenimbuvi/.nvm
2023-03-03 17:34:37.454 [info] > git check-ignore -v -z --stdin [137ms]
2023-03-03 17:34:37.478 [info] > git config --get commit.template [25ms]
2023-03-03 17:34:37.479 [info] > git rev-parse --show-toplevel [100ms]
2023-03-03 17:34:37.578 [info] > git rev-parse --git-dir --git-common-dir [52ms]
2023-03-03 17:34:37.599 [info] Open repository: /home/muenimbuvi/.rbenv
2023-03-03 17:34:37.733 [info] > git status -z -uall [736ms]
2023-03-03 17:34:37.734 [info] > git config --get commit.template [25ms]
2023-03-03 17:34:37.735 [info] > git rev-parse --show-toplevel [85ms]
2023-03-03 17:34:38.062 [info] > git rev-parse --show-toplevel [283ms]
2023-03-03 17:34:38.106 [info] > git for-each-ref --format %(refname) %(objectname) %(*objectname) refs/tags [528ms]
2023-03-03 17:34:38.838 [info] > git status -z -uall [682ms]
2023-03-03 17:34:38.853 [info] > git rev-parse --show-toplevel [753ms]
2023-03-03 17:34:38.915 [info] > git config --get commit.template [878ms]
2023-03-03 17:34:38.915 [info] > git for-each-ref --format=%(refname)%00%(upstream:short)%00%(objectname)%00%(upstream:track)%00%(upstream:remotename)%00%(upstream:remoteref) refs/heads/master refs/remotes/master [932ms]
2023-03-03 17:34:39.225 [info] > git rev-parse --git-dir --git-common-dir [311ms]
2023-03-03 17:34:39.237 [info] Open repository: /home/muenimbuvi/my-git-project
2023-03-03 17:34:39.410 [info] > git check-ignore -v -z --stdin [365ms]
2023-03-03 17:34:39.413 [info] > git check-ignore -v -z --stdin [318ms]
2023-03-03 17:34:39.414 [info] > git check-ignore -v -z --stdin [262ms]
2023-03-03 17:34:39.416 [info] > git config --get commit.template [202ms]
2023-03-03 17:34:39.430 [info] > git config --get commit.template [23ms]
2023-03-03 17:34:39.431 [info] > git for-each-ref --format=%(refname)%00%(upstream:short)%00%(objectname)%00%(upstream:track)%00%(upstream:remotename)%00%(upstream:remoteref) refs/heads/main refs/remotes/main [76ms]
2023-03-03 17:34:39.478 [info] > git rev-parse --show-toplevel [180ms]
2023-03-03 17:34:39.612 [info] > git rev-parse --show-toplevel [71ms]
2023-03-03 17:34:39.699 [info] No remotes found in the git config file.
2023-03-03 17:34:39.701 [info] > git for-each-ref --format %(refname) %(objectname) %(*objectname) refs/tags [93ms]
2023-03-03 17:34:39.765 [info] > git for-each-ref --format=%(refname)%00%(upstream:short)%00%(objectname)%00%(upstream:track)%00%(upstream:remotename)%00%(upstream:remoteref) refs/heads/main refs/remotes/main [67ms]
2023-03-03 17:34:39.840 [info] > git status -z -uall [77ms]
2023-03-03 17:34:39.850 [info] > git status -z -uall [373ms]
2023-03-03 17:34:40.265 [info] > git status -z -uall [432ms]
2023-03-03 17:34:40.266 [info] > git check-ignore -v -z --stdin [244ms]
2023-03-03 17:34:40.267 [info] > git check-ignore -v -z --stdin [153ms]
2023-03-03 17:34:40.268 [info] > git check-ignore -v -z --stdin [91ms]
2023-03-03 17:34:40.269 [info] > git check-ignore -v -z --stdin [21ms]
2023-03-03 17:34:40.865 [info] > git status -z -uall [1869ms]
2023-03-03 17:34:41.004 [info] > git config --get commit.template [42ms]
2023-03-03 17:34:41.103 [info] > git for-each-ref --format=%(refname)%00%(upstream:short)%00%(objectname)%00%(upstream:track)%00%(upstream:remotename)%00%(upstream:remoteref) refs/heads/master refs/remotes/master [36ms]
2023-03-03 17:34:41.200 [info] > git status -z -uall [46ms]
2023-03-03 17:34:56.846 [info] > git config --get commit.template [37ms]
2023-03-03 17:34:56.857 [info] > git for-each-ref --format=%(refname)%00%(upstream:short)%00%(objectname)%00%(upstream:track)%00%(upstream:remotename)%00%(upstream:remoteref) refs/heads/main refs/remotes/main [14ms]
2023-03-03 17:34:57.094 [info] > git status -z -uall [209ms]
2023-03-03 17:35:02.221 [info] > git config --get commit.template [35ms]
2023-03-03 17:35:02.231 [info] > git for-each-ref --format=%(refname)%00%(upstream:short)%00%(objectname)%00%(upstream:track)%00%(upstream:remotename)%00%(upstream:remoteref) refs/heads/main refs/remotes/main [12ms]
2023-03-03 17:35:02.426 [info] > git status -z -uall [165ms]
2023-03-03 17:35:07.604 [info] > git config --get commit.template [34ms]
2023-03-03 17:35:07.613 [info] > git for-each-ref --format=%(refname)%00%(upstream:short)%00%(objectname)%00%(upstream:track)%00%(upstream:remotename)%00%(upstream:remoteref) refs/heads/main refs/remotes/main [12ms]
2023-03-03 17:35:07.817 [info] > git status -z -uall [174ms]
2023-03-03 17:35:16.677 [info] > git config --get commit.template [46ms]
2023-03-03 17:35:16.693 [info] > git for-each-ref --format=%(refname)%00%(upstream:short)%00%(objectname)%00%(upstream:track)%00%(upstream:remotename)%00%(upstream:remoteref) refs/heads/main refs/remotes/main [17ms]
2023-03-03 17:35:16.975 [info] > git status -z -uall [236ms]
2023-03-03 17:35:22.110 [info] > git config --get commit.template [37ms]
2023-03-03 17:35:22.120 [info] > git for-each-ref --format=%(refname)%00%(upstream:short)%00%(objectname)%00%(upstream:track)%00%(upstream:remotename)%00%(upstream:remoteref) refs/heads/main refs/remotes/main [12ms]
2023-03-03 17:35:22.325 [info] > git status -z -uall [171ms]
2023-03-03 17:35:30.101 [info] > git config --get commit.template [38ms]
2023-03-03 17:35:30.113 [info] > git for-each-ref --format=%(refname)%00%(upstream:short)%00%(objectname)%00%(upstream:track)%00%(upstream:remotename)%00%(upstream:remoteref) refs/heads/main refs/remotes/main [14ms]
2023-03-03 17:35:30.313 [info] > git status -z -uall [165ms]
2023-03-03 17:35:36.111 [info] > git config --get commit.template [38ms]
2023-03-03 17:35:36.121 [info] > git for-each-ref --format=%(refname)%00%(upstream:short)%00%(objectname)%00%(upstream:track)%00%(upstream:remotename)%00%(upstream:remoteref) refs/heads/main refs/remotes/main [12ms]
2023-03-03 17:35:36.349 [info] > git status -z -uall [194ms]
2023-03-03 17:35:41.490 [info] > git config --get commit.template [41ms]
2023-03-03 17:35:41.500 [info] > git for-each-ref --format=%(refname)%00%(upstream:short)%00%(objectname)%00%(upstream:track)%00%(upstream:remotename)%00%(upstream:remoteref) refs/heads/main refs/remotes/main [13ms]
2023-03-03 17:35:41.701 [info] > git status -z -uall [162ms]
2023-03-03 17:35:46.466 [info] > git show --textconv :.git/karibu [156ms]
2023-03-03 17:35:46.466 [info] > git ls-files --stage -- /home/muenimbuvi/.git/karibu [87ms]
2023-03-03 17:35:46.485 [info] > git check-ignore -v -z --stdin [32ms]
2023-03-03 17:35:46.865 [info] > git config --get commit.template [62ms]
2023-03-03 17:35:46.884 [info] > git for-each-ref --format=%(refname)%00%(upstream:short)%00%(objectname)%00%(upstream:track)%00%(upstream:remotename)%00%(upstream:remoteref) refs/heads/main refs/remotes/main [21ms]
2023-03-03 17:35:47.169 [info] > git status -z -uall [237ms]
2023-03-03 17:35:47.645 [info] > git ls-files --stage -- /home/muenimbuvi/.git/karibu [364ms]
2023-03-03 17:35:47.852 [info] > git show --textconv :.git/karibu [14ms]
2023-03-03 17:36:30.459 [info] > git config --get commit.template [58ms]
2023-03-03 17:36:30.469 [info] > git for-each-ref --format=%(refname)%00%(upstream:short)%00%(objectname)%00%(upstream:track)%00%(upstream:remotename)%00%(upstream:remoteref) refs/heads/main refs/remotes/main [14ms]
2023-03-03 17:36:30.704 [info] > git status -z -uall [195ms]
2023-03-03 17:36:35.868 [info] > git config --get commit.template [58ms]
2023-03-03 17:36:35.879 [info] > git for-each-ref --format=%(refname)%00%(upstream:short)%00%(objectname)%00%(upstream:track)%00%(upstream:remotename)%00%(upstream:remoteref) refs/heads/main refs/remotes/main [13ms]
2023-03-03 17:36:36.093 [info] > git status -z -uall [174ms]
2023-03-03 17:36:41.224 [info] > git config --get commit.template [36ms]
2023-03-03 17:36:41.233 [info] > git for-each-ref --format=%(refname)%00%(upstream:short)%00%(objectname)%00%(upstream:track)%00%(upstream:remotename)%00%(upstream:remoteref) refs/heads/main refs/remotes/main [12ms]
2023-03-03 17:36:41.423 [info] > git status -z -uall [160ms]
2023-03-03 17:36:46.556 [info] > git config --get commit.template [48ms]
2023-03-03 17:36:46.566 [info] > git for-each-ref --format=%(refname)%00%(upstream:short)%00%(objectname)%00%(upstream:track)%00%(upstream:remotename)%00%(upstream:remoteref) refs/heads/main refs/remotes/main [13ms]
2023-03-03 17:36:46.763 [info] > git status -z -uall [165ms]
2023-03-03 17:36:51.883 [info] > git config --get commit.template [40ms]
2023-03-03 17:36:51.898 [info] > git for-each-ref --format=%(refname)%00%(upstream:short)%00%(objectname)%00%(upstream:track)%00%(upstream:remotename)%00%(upstream:remoteref) refs/heads/main refs/remotes/main [17ms]
2023-03-03 17:36:52.109 [info] > git status -z -uall [178ms]
2023-03-03 17:44:31.377 [info] > git config --get commit.template [39ms]
2023-03-03 17:44:31.389 [info] > git for-each-ref --format=%(refname)%00%(upstream:short)%00%(objectname)%00%(upstream:track)%00%(upstream:remotename)%00%(upstream:remoteref) refs/heads/main refs/remotes/main [14ms]
2023-03-03 17:44:31.619 [info] > git status -z -uall [195ms]
2023-03-03 17:44:36.756 [info] > git config --get commit.template [36ms]
2023-03-03 17:44:36.765 [info] > git for-each-ref --format=%(refname)%00%(upstream:short)%00%(objectname)%00%(upstream:track)%00%(upstream:remotename)%00%(upstream:remoteref) refs/heads/main refs/remotes/main [12ms]
2023-03-03 17:44:36.957 [info] > git status -z -uall [162ms]
2023-03-03 17:44:55.538 [info] > git config --get commit.template [59ms]
2023-03-03 17:44:55.549 [info] > git for-each-ref --format=%(refname)%00%(upstream:short)%00%(objectname)%00%(upstream:track)%00%(upstream:remotename)%00%(upstream:remoteref) refs/heads/main refs/remotes/main [17ms]
2023-03-03 17:44:55.780 [info] > git status -z -uall [193ms]
2023-03-03 17:44:59.702 [info] > git show --textconv :README.md [59ms]
2023-03-03 17:44:59.723 [info] > git ls-files --stage -- /home/muenimbuvi/README.md [23ms]
2023-03-03 17:44:59.817 [info] > git cat-file -s a95e4b8050a65fab5765ea7263f06c17dabf8b1f [18ms]
2023-03-03 17:45:00.998 [info] > git config --get commit.template [45ms]
2023-03-03 17:45:01.008 [info] > git for-each-ref --format=%(refname)%00%(upstream:short)%00%(objectname)%00%(upstream:track)%00%(upstream:remotename)%00%(upstream:remoteref) refs/heads/main refs/remotes/main [12ms]
2023-03-03 17:45:01.208 [info] > git status -z -uall [171ms]
2023-03-03 17:45:06.365 [info] > git config --get commit.template [39ms]
2023-03-03 17:45:06.377 [info] > git for-each-ref --format=%(refname)%00%(upstream:short)%00%(objectname)%00%(upstream:track)%00%(upstream:remotename)%00%(upstream:remoteref) refs/heads/main refs/remotes/main [13ms]
2023-03-03 17:45:06.603 [info] > git status -z -uall [193ms]
2023-03-03 17:55:28.409 [info] > git check-ignore -v -z --stdin [35ms]
2023-03-03 18:02:09.013 [info] > git ls-files --stage -- /home/muenimbuvi/.git/karibu [42ms]
2023-03-03 18:02:09.017 [info] > git config --get commit.template [85ms]
2023-03-03 18:02:09.020 [info] > git ls-files --stage -- /home/muenimbuvi/README.md [15ms]
2023-03-03 18:02:09.157 [info] > git for-each-ref --format=%(refname)%00%(upstream:short)%00%(objectname)%00%(upstream:track)%00%(upstream:remotename)%00%(upstream:remoteref) refs/heads/main refs/remotes/main [46ms]
2023-03-03 18:02:09.195 [info] > git cat-file -s a95e4b8050a65fab5765ea7263f06c17dabf8b1f [137ms]
2023-03-03 18:02:09.202 [info] > git show --textconv :.git/karibu [49ms]
2023-03-03 18:02:09.287 [info] > git show --textconv :README.md [17ms]
2023-03-03 18:02:09.572 [info] > git status -z -uall [380ms]
2023-03-03 18:02:14.770 [info] > git config --get commit.template [56ms]
2023-03-03 18:02:14.780 [info] > git for-each-ref --format=%(refname)%00%(upstream:short)%00%(objectname)%00%(upstream:track)%00%(upstream:remotename)%00%(upstream:remoteref) refs/heads/main refs/remotes/main [13ms]
2023-03-03 18:02:15.038 [info] > git status -z -uall [227ms]
2023-03-03 18:02:20.199 [info] > git config --get commit.template [74ms]
2023-03-03 18:02:20.216 [info] > git for-each-ref --format=%(refname)%00%(upstream:short)%00%(objectname)%00%(upstream:track)%00%(upstream:remotename)%00%(upstream:remoteref) refs/heads/main refs/remotes/main [19ms]
2023-03-03 18:02:20.503 [info] > git status -z -uall [239ms]
2023-03-03 18:02:25.686 [info] > git for-each-ref --format=%(refname)%00%(upstream:short)%00%(objectname)%00%(upstream:track)%00%(upstream:remotename)%00%(upstream:remoteref) refs/heads/main refs/remotes/main [44ms]
2023-03-03 18:02:25.687 [info] > git config --get commit.template [85ms]
2023-03-03 18:02:25.739 [info] > git check-ignore -v -z --stdin [54ms]
2023-03-03 18:02:26.004 [info] > git status -z -uall [275ms]
2023-03-03 18:02:31.174 [info] > git config --get commit.template [52ms]
2023-03-03 18:02:31.183 [info] > git for-each-ref --format=%(refname)%00%(upstream:short)%00%(objectname)%00%(upstream:track)%00%(upstream:remotename)%00%(upstream:remoteref) refs/heads/main refs/remotes/main [13ms]
2023-03-03 18:02:31.471 [info] > git status -z -uall [256ms]
